# JRE version: Java(TM) SE Runtime Environment (14.0.2+12) (build 14.0.2+12-46)
# Java VM: Java HotSpot(TM) 64-Bit Server VM (14.0.2+12-46, mixed mode, sharing, tiered, compressed oops, g1 gc, linux-amd64)
Heap:
 garbage-first heap   total 727040K, used 215675K [0x00000006e0000000, 0x0000000800000000)
  region size 1024K, 3 young (3072K), 3 survivors (3072K)
 Metaspace       used 93846K, capacity 99455K, committed 99888K, reserved 1134592K
  class space    used 11667K, capacity 13865K, committed 14208K, reserved 1048576K
GC Heap History (20 events):
Event: 599.320 GC heap after
{Heap after GC invocations=145 (full 0):
 garbage-first heap   total 301056K, used 188562K [0x00000006e0000000, 0x0000000800000000)
  region size 1024K, 6 young (6144K), 6 survivors (6144K)
 Metaspace       used 93534K, capacity 99161K, committed 99632K, reserved 1134592K
  class space    used 11645K, capacity 13858K, committed 14208K, reserved 1048576K
}
Event: 609.943 GC heap before
{Heap before GC invocations=146 (full 0):
 garbage-first heap   total 326656K, used 247954K [0x00000006e0000000, 0x0000000800000000)
  region size 1024K, 65 young (66560K), 6 survivors (6144K)
 Metaspace       used 93571K, capacity 99226K, committed 99632K, reserved 1134592K
  class space    used 11645K, capacity 13858K, committed 14208K, reserved 1048576K
}
Event: 609.948 GC heap after
{Heap after GC invocations=147 (full 0):
 garbage-first heap   total 326656K, used 189780K [0x00000006e0000000, 0x0000000800000000)
  region size 1024K, 7 young (7168K), 7 survivors (7168K)
 Metaspace       used 93571K, capacity 99226K, committed 99632K, reserved 1134592K
  class space    used 11645K, capacity 13858K, committed 14208K, reserved 1048576K
}
Event: 615.738 GC heap before
{Heap before GC invocations=147 (full 0):
 garbage-first heap   total 326656K, used 273748K [0x00000006e0000000, 0x0000000800000000)
  region size 1024K, 89 young (91136K), 7 survivors (7168K)
 Metaspace       used 93793K, capacity 99385K, committed 99888K, reserved 1134592K
  class space    used 11666K, capacity 13864K, committed 14208K, reserved 1048576K
}
Event: 615.746 GC heap after
{Heap after GC invocations=148 (full 0):
 garbage-first heap   total 326656K, used 195938K [0x00000006e0000000, 0x0000000800000000)
  region size 1024K, 12 young (12288K), 12 survivors (12288K)
 Metaspace       used 93793K, capacity 99385K, committed 99888K, reserved 1134592K
  class space    used 11666K, capacity 13864K, committed 14208K, reserved 1048576K
}
Event: 633.488 GC heap before
{Heap before GC invocations=148 (full 0):
 garbage-first heap   total 326656K, used 274786K [0x00000006e0000000, 0x0000000800000000)
  region size 1024K, 89 young (91136K), 12 survivors (12288K)
 Metaspace       used 93826K, capacity 99455K, committed 99888K, reserved 1134592K
  class space    used 11667K, capacity 13865K, committed 14208K, reserved 1048576K
}
Event: 634.646 GC heap after
{Heap after GC invocations=149 (full 0):
 garbage-first heap   total 326656K, used 201385K [0x00000006e0000000, 0x0000000800000000)
  region size 1024K, 6 young (6144K), 6 survivors (6144K)
 Metaspace       used 93826K, capacity 99455K, committed 99888K, reserved 1134592K
  class space    used 11667K, capacity 13865K, committed 14208K, reserved 1048576K
}
Event: 634.823 GC heap before
{Heap before GC invocations=149 (full 0):
 garbage-first heap   total 326656K, used 210601K [0x00000006e0000000, 0x0000000800000000)
  region size 1024K, 15 young (15360K), 6 survivors (6144K)
 Metaspace       used 93834K, capacity 99455K, committed 99888K, reserved 1134592K
  class space    used 11667K, capacity 13865K, committed 14208K, reserved 1048576K
}
Event: 634.907 GC heap after
{Heap after GC invocations=150 (full 0):
 garbage-first heap   total 326656K, used 201893K [0x00000006e0000000, 0x0000000800000000)
  region size 1024K, 1 young (1024K), 1 survivors (1024K)
 Metaspace       used 93834K, capacity 99455K, committed 99888K, reserved 1134592K
  class space    used 11667K, capacity 13865K, committed 14208K, reserved 1048576K
}
Event: 635.097 GC heap before
{Heap before GC invocations=150 (full 0):
 garbage-first heap   total 326656K, used 216229K [0x00000006e0000000, 0x0000000800000000)
  region size 1024K, 15 young (15360K), 1 survivors (1024K)
 Metaspace       used 93840K, capacity 99455K, committed 99888K, reserved 1134592K
  class space    used 11667K, capacity 13865K, committed 14208K, reserved 1048576K
}
Event: 635.100 GC heap after
{Heap after GC invocations=151 (full 0):
 garbage-first heap   total 326656K, used 202734K [0x00000006e0000000, 0x0000000800000000)
  region size 1024K, 2 young (2048K), 2 survivors (2048K)
 Metaspace       used 93840K, capacity 99455K, committed 99888K, reserved 1134592K
  class space    used 11667K, capacity 13865K, committed 14208K, reserved 1048576K
}
Event: 640.165 GC heap before
{Heap before GC invocations=151 (full 0):
 garbage-first heap   total 363520K, used 216046K [0x00000006e0000000, 0x0000000800000000)
  region size 1024K, 15 young (15360K), 2 survivors (2048K)
 Metaspace       used 93840K, capacity 99455K, committed 99888K, reserved 1134592K
  class space    used 11667K, capacity 13865K, committed 14208K, reserved 1048576K
}
Event: 640.417 GC heap after
{Heap after GC invocations=152 (full 0):
 garbage-first heap   total 363520K, used 203693K [0x00000006e0000000, 0x0000000800000000)
  region size 1024K, 2 young (2048K), 2 survivors (2048K)
 Metaspace       used 93840K, capacity 99455K, committed 99888K, reserved 1134592K
  class space    used 11667K, capacity 13865K, committed 14208K, reserved 1048576K
}
Event: 640.572 GC heap before
{Heap before GC invocations=152 (full 0):
 garbage-first heap   total 363520K, used 219053K [0x00000006e0000000, 0x0000000800000000)
  region size 1024K, 17 young (17408K), 2 survivors (2048K)
 Metaspace       used 93840K, capacity 99455K, committed 99888K, reserved 1134592K
  class space    used 11667K, capacity 13865K, committed 14208K, reserved 1048576K
}
Event: 640.576 GC heap after
{Heap after GC invocations=153 (full 0):
 garbage-first heap   total 363520K, used 204531K [0x00000006e0000000, 0x0000000800000000)
  region size 1024K, 3 young (3072K), 3 survivors (3072K)
 Metaspace       used 93840K, capacity 99455K, committed 99888K, reserved 1134592K
  class space    used 11667K, capacity 13865K, committed 14208K, reserved 1048576K
}
Event: 876.825 GC heap before
{Heap before GC invocations=154 (full 0):
 garbage-first heap   total 363520K, used 297715K [0x00000006e0000000, 0x0000000800000000)
  region size 1024K, 95 young (97280K), 3 survivors (3072K)
 Metaspace       used 93846K, capacity 99455K, committed 99888K, reserved 1134592K
  class space    used 11667K, capacity 13865K, committed 14208K, reserved 1048576K
}
Event: 884.616 GC heap after
{Heap after GC invocations=155 (full 0):
 garbage-first heap   total 363520K, used 212776K [0x00000006e0000000, 0x0000000800000000)
  region size 1024K, 11 young (11264K), 11 survivors (11264K)
 Metaspace       used 93846K, capacity 99455K, committed 99888K, reserved 1134592K
  class space    used 11667K, capacity 13865K, committed 14208K, reserved 1048576K
}
Event: 924.843 GC heap before
{Heap before GC invocations=155 (full 0):
 garbage-first heap   total 363520K, used 218920K [0x00000006e0000000, 0x0000000800000000)
  region size 1024K, 17 young (17408K), 11 survivors (11264K)
 Metaspace       used 93846K, capacity 99455K, committed 99888K, reserved 1134592K
  class space    used 11667K, capacity 13865K, committed 14208K, reserved 1048576K
}
Event: 948.148 GC heap after
{Heap after GC invocations=156 (full 0):
 garbage-first heap   total 363520K, used 214043K [0x00000006e0000000, 0x0000000800000000)
  region size 1024K, 2 young (2048K), 2 survivors (2048K)
 Metaspace       used 93846K, capacity 99455K, committed 99888K, reserved 1134592K
  class space    used 11667K, capacity 13865K, committed 14208K, reserved 1048576K
}
Event: 951.611 GC heap before
{Heap before GC invocations=156 (full 0):
 garbage-first heap   total 363520K, used 229403K [0x00000006e0000000, 0x0000000800000000)
  region size 1024K, 17 young (17408K), 2 survivors (2048K)
 Metaspace       used 93846K, capacity 99455K, committed 99888K, reserved 1134592K
  class space    used 11667K, capacity 13865K, committed 14208K, reserved 1048576K
}

